2025-03-16 20:50:18,144 - pdf_api - INFO - Iniciando serviço de PDF
2025-03-16 20:50:18,225 - pikepdf._core - INFO - pikepdf C++ to Python logger bridge initialized
2025-03-16 20:50:19,454 - pdf_api - INFO - Módulo pdf_service importado com sucesso
2025-03-16 20:50:19,457 - pdf_api - INFO - Iniciando servidor na porta 5000
2025-03-16 20:50:19,518 - werkzeug - INFO - [31m[1mWARNING: This is a development server. Do not use it in a production deployment. Use a production WSGI server instead.[0m
 * Running on all addresses (0.0.0.0)
 * Running on http://127.0.0.1:5000
 * Running on http://192.168.0.8:5000
2025-03-16 20:50:19,518 - werkzeug - INFO - [33mPress CTRL+C to quit[0m
2025-03-16 20:50:19,552 - werkzeug - INFO -  * Restarting with watchdog (windowsapi)
2025-03-16 20:50:19,813 - pdf_api - INFO - Iniciando serviço de PDF
2025-03-16 20:50:19,817 - pikepdf._core - INFO - pikepdf C++ to Python logger bridge initialized
2025-03-16 20:50:19,944 - pdf_api - INFO - Módulo pdf_service importado com sucesso
2025-03-16 20:50:19,946 - pdf_api - INFO - Iniciando servidor na porta 5000
2025-03-16 20:50:19,955 - werkzeug - WARNING -  * Debugger is active!
2025-03-16 20:50:19,960 - werkzeug - INFO -  * Debugger PIN: 125-537-440
2025-03-16 20:51:07,548 - werkzeug - INFO - 127.0.0.1 - - [16/Mar/2025 20:51:07] "GET / HTTP/1.1" 200 -
2025-03-16 20:51:07,625 - werkzeug - INFO - 127.0.0.1 - - [16/Mar/2025 20:51:07] "[33mGET /favicon.ico HTTP/1.1[0m" 404 -
2025-03-16 20:51:15,118 - werkzeug - INFO -  * Detected change in 'C:\\Users\\muril\\Downloads\\RemoverSenhaPDF-WebService-1\\app.py', reloading
2025-03-16 20:51:15,131 - werkzeug - INFO -  * Detected change in 'C:\\Users\\muril\\Downloads\\RemoverSenhaPDF-WebService-1\\app.py', reloading
2025-03-16 20:51:16,114 - werkzeug - INFO -  * Restarting with watchdog (windowsapi)
2025-03-16 20:51:16,367 - pdf_api - INFO - Iniciando serviço de PDF
2025-03-16 20:51:16,370 - pikepdf._core - INFO - pikepdf C++ to Python logger bridge initialized
2025-03-16 20:51:16,479 - pdf_api - INFO - Módulo pdf_service importado com sucesso
2025-03-16 20:51:16,481 - pdf_api - INFO - Iniciando servidor na porta 5000
2025-03-16 20:51:16,495 - werkzeug - WARNING -  * Debugger is active!
2025-03-16 20:51:16,497 - werkzeug - INFO -  * Debugger PIN: 125-537-440
2025-03-16 20:51:17,196 - werkzeug - INFO - 127.0.0.1 - - [16/Mar/2025 20:51:17] "GET / HTTP/1.1" 200 -
2025-03-16 20:59:03,098 - werkzeug - INFO -  * Detected change in 'C:\\Users\\muril\\AppData\\Local\\Programs\\Python\\Python313\\Lib\\site-packages\\werkzeug\\datastructures\\__init__.py', reloading
2025-03-16 20:59:03,113 - werkzeug - INFO -  * Detected change in 'C:\\Users\\muril\\AppData\\Local\\Programs\\Python\\Python313\\Lib\\site-packages\\werkzeug\\datastructures\\headers.py', reloading
2025-03-16 20:59:03,160 - werkzeug - INFO -  * Detected change in 'C:\\Users\\muril\\AppData\\Local\\Programs\\Python\\Python313\\Lib\\site-packages\\flask\\globals.py', reloading
2025-03-16 20:59:03,316 - werkzeug - INFO -  * Restarting with watchdog (windowsapi)
2025-03-16 20:59:03,687 - pdf_api - INFO - Iniciando serviço de PDF
2025-03-16 20:59:03,690 - pikepdf._core - INFO - pikepdf C++ to Python logger bridge initialized
2025-03-16 20:59:03,807 - pdf_api - INFO - Módulo pdf_service importado com sucesso
2025-03-16 20:59:03,809 - pdf_api - INFO - Iniciando servidor na porta 5000
2025-03-16 20:59:03,821 - werkzeug - WARNING -  * Debugger is active!
2025-03-16 20:59:03,824 - werkzeug - INFO -  * Debugger PIN: 125-537-440
2025-03-16 20:59:04,242 - werkzeug - INFO -  * Detected change in 'C:\\Users\\muril\\Downloads\\RemoverSenhaPDF-WebService-1\\app.py', reloading
2025-03-16 20:59:04,243 - werkzeug - INFO -  * Detected change in 'C:\\Users\\muril\\Downloads\\RemoverSenhaPDF-WebService-1\\app.py', reloading
2025-03-16 20:59:04,882 - werkzeug - INFO -  * Restarting with watchdog (windowsapi)
2025-03-16 20:59:05,104 - pdf_api - INFO - Iniciando serviço de PDF
2025-03-16 20:59:05,107 - pikepdf._core - INFO - pikepdf C++ to Python logger bridge initialized
2025-03-16 20:59:05,215 - pdf_api - INFO - Módulo pdf_service importado com sucesso
2025-03-16 20:59:05,217 - pdf_api - INFO - Iniciando servidor na porta 5000
2025-03-16 20:59:05,227 - werkzeug - WARNING -  * Debugger is active!
2025-03-16 20:59:05,230 - werkzeug - INFO -  * Debugger PIN: 125-537-440
2025-03-16 20:59:12,334 - werkzeug - INFO -  * Detected change in 'C:\\Users\\muril\\Downloads\\RemoverSenhaPDF-WebService-1\\app.py', reloading
2025-03-16 20:59:12,335 - werkzeug - INFO -  * Detected change in 'C:\\Users\\muril\\Downloads\\RemoverSenhaPDF-WebService-1\\app.py', reloading
2025-03-16 20:59:13,304 - werkzeug - INFO -  * Restarting with watchdog (windowsapi)
2025-03-16 20:59:13,586 - pdf_api - INFO - Iniciando serviço de PDF
2025-03-16 20:59:13,590 - pikepdf._core - INFO - pikepdf C++ to Python logger bridge initialized
2025-03-16 20:59:13,712 - pdf_api - INFO - Módulo pdf_service importado com sucesso
2025-03-16 20:59:13,714 - pdf_api - INFO - Iniciando servidor na porta 5000
2025-03-16 20:59:13,724 - werkzeug - WARNING -  * Debugger is active!
2025-03-16 20:59:13,727 - werkzeug - INFO -  * Debugger PIN: 125-537-440
2025-03-16 20:59:13,747 - werkzeug - INFO - 127.0.0.1 - - [16/Mar/2025 20:59:13] "GET / HTTP/1.1" 200 -
2025-03-16 20:59:14,236 - werkzeug - INFO - 127.0.0.1 - - [16/Mar/2025 20:59:14] "GET / HTTP/1.1" 200 -
2025-03-16 20:59:56,921 - werkzeug - INFO -  * Detected change in 'C:\\Users\\muril\\Downloads\\RemoverSenhaPDF-WebService-1\\app.py', reloading
2025-03-16 20:59:56,934 - werkzeug - INFO -  * Detected change in 'C:\\Users\\muril\\Downloads\\RemoverSenhaPDF-WebService-1\\app.py', reloading
2025-03-16 20:59:57,879 - werkzeug - INFO -  * Restarting with watchdog (windowsapi)
2025-03-16 20:59:58,216 - pdf_api - INFO - Iniciando serviço de PDF
2025-03-16 20:59:58,219 - pikepdf._core - INFO - pikepdf C++ to Python logger bridge initialized
2025-03-16 20:59:58,342 - pdf_api - INFO - Módulo pdf_service importado com sucesso
2025-03-16 20:59:58,343 - pdf_api - INFO - Iniciando servidor na porta 5000
2025-03-16 20:59:58,355 - werkzeug - WARNING -  * Debugger is active!
2025-03-16 20:59:58,357 - werkzeug - INFO -  * Debugger PIN: 125-537-440
2025-03-16 20:59:59,228 - werkzeug - INFO - 127.0.0.1 - - [16/Mar/2025 20:59:59] "GET / HTTP/1.1" 200 -
2025-03-16 20:59:59,791 - werkzeug - INFO - 127.0.0.1 - - [16/Mar/2025 20:59:59] "GET / HTTP/1.1" 200 -
2025-03-16 21:00:58,704 - werkzeug - INFO -  * Detected change in 'C:\\Users\\muril\\Downloads\\RemoverSenhaPDF-WebService-1\\app.py', reloading
2025-03-16 21:00:58,705 - werkzeug - INFO -  * Detected change in 'C:\\Users\\muril\\Downloads\\RemoverSenhaPDF-WebService-1\\app.py', reloading
2025-03-16 21:00:59,521 - werkzeug - INFO -  * Restarting with watchdog (windowsapi)
2025-03-16 21:00:59,806 - pdf_api - INFO - Iniciando serviço de PDF
2025-03-16 21:00:59,810 - pikepdf._core - INFO - pikepdf C++ to Python logger bridge initialized
2025-03-16 21:00:59,931 - pdf_api - INFO - Módulo pdf_service importado com sucesso
2025-03-16 21:00:59,933 - pdf_api - INFO - Iniciando servidor na porta 5000
2025-03-16 21:00:59,943 - werkzeug - WARNING -  * Debugger is active!
2025-03-16 21:00:59,945 - werkzeug - INFO -  * Debugger PIN: 125-537-440
2025-03-16 21:00:59,961 - werkzeug - INFO - 127.0.0.1 - - [16/Mar/2025 21:00:59] "GET / HTTP/1.1" 200 -
2025-03-16 21:01:00,672 - werkzeug - INFO - 127.0.0.1 - - [16/Mar/2025 21:01:00] "GET / HTTP/1.1" 200 -
2025-03-16 21:01:14,398 - werkzeug - INFO -  * Detected change in 'C:\\Users\\muril\\Downloads\\RemoverSenhaPDF-WebService-1\\app.py', reloading
2025-03-16 21:01:14,410 - werkzeug - INFO -  * Detected change in 'C:\\Users\\muril\\Downloads\\RemoverSenhaPDF-WebService-1\\app.py', reloading
2025-03-16 21:01:14,411 - werkzeug - INFO -  * Detected change in 'C:\\Users\\muril\\Downloads\\RemoverSenhaPDF-WebService-1\\app.py', reloading
2025-03-16 21:01:15,043 - werkzeug - INFO -  * Restarting with watchdog (windowsapi)
2025-03-16 21:01:15,277 - pdf_api - INFO - Iniciando serviço de PDF
2025-03-16 21:01:15,280 - pikepdf._core - INFO - pikepdf C++ to Python logger bridge initialized
2025-03-16 21:01:15,439 - pdf_api - INFO - Módulo pdf_service importado com sucesso
2025-03-16 21:01:15,444 - pdf_api - INFO - Iniciando servidor na porta 5000
2025-03-16 21:01:15,477 - werkzeug - WARNING -  * Debugger is active!
2025-03-16 21:01:15,482 - werkzeug - INFO -  * Debugger PIN: 125-537-440
2025-03-16 21:01:16,027 - werkzeug - INFO - 127.0.0.1 - - [16/Mar/2025 21:01:16] "GET / HTTP/1.1" 200 -
2025-03-16 21:01:34,659 - werkzeug - INFO -  * Detected change in 'C:\\Users\\muril\\Downloads\\RemoverSenhaPDF-WebService-1\\app.py', reloading
2025-03-16 21:01:34,672 - werkzeug - INFO -  * Detected change in 'C:\\Users\\muril\\Downloads\\RemoverSenhaPDF-WebService-1\\app.py', reloading
2025-03-16 21:01:35,609 - werkzeug - INFO -  * Restarting with watchdog (windowsapi)
2025-03-16 21:01:35,867 - pdf_api - INFO - Iniciando serviço de PDF
2025-03-16 21:01:35,870 - pikepdf._core - INFO - pikepdf C++ to Python logger bridge initialized
2025-03-16 21:01:35,991 - pdf_api - INFO - Módulo pdf_service importado com sucesso
2025-03-16 21:01:35,993 - pdf_api - INFO - Iniciando servidor na porta 5000
2025-03-16 21:01:36,004 - werkzeug - WARNING -  * Debugger is active!
2025-03-16 21:01:36,006 - werkzeug - INFO -  * Debugger PIN: 125-537-440
2025-03-16 21:01:36,026 - werkzeug - INFO - 127.0.0.1 - - [16/Mar/2025 21:01:36] "GET / HTTP/1.1" 200 -
2025-03-16 21:01:50,690 - werkzeug - INFO -  * Detected change in 'C:\\Users\\muril\\Downloads\\RemoverSenhaPDF-WebService-1\\app.py', reloading
2025-03-16 21:01:50,703 - werkzeug - INFO -  * Detected change in 'C:\\Users\\muril\\Downloads\\RemoverSenhaPDF-WebService-1\\app.py', reloading
2025-03-16 21:01:51,102 - werkzeug - INFO -  * Restarting with watchdog (windowsapi)
2025-03-16 21:01:51,378 - pdf_api - INFO - Iniciando serviço de PDF
2025-03-16 21:01:51,384 - pikepdf._core - INFO - pikepdf C++ to Python logger bridge initialized
2025-03-16 21:01:51,561 - pdf_api - INFO - Módulo pdf_service importado com sucesso
2025-03-16 21:01:51,567 - pdf_api - INFO - Iniciando servidor na porta 5000
2025-03-16 21:01:51,587 - werkzeug - WARNING -  * Debugger is active!
2025-03-16 21:01:51,589 - werkzeug - INFO -  * Debugger PIN: 125-537-440
2025-03-16 21:01:51,868 - werkzeug - INFO - 127.0.0.1 - - [16/Mar/2025 21:01:51] "GET / HTTP/1.1" 200 -
2025-03-16 21:01:52,617 - werkzeug - INFO - 127.0.0.1 - - [16/Mar/2025 21:01:52] "GET / HTTP/1.1" 200 -
2025-03-16 21:01:59,975 - werkzeug - INFO -  * Detected change in 'C:\\Users\\muril\\Downloads\\RemoverSenhaPDF-WebService-1\\app.py', reloading
2025-03-16 21:01:59,988 - werkzeug - INFO -  * Detected change in 'C:\\Users\\muril\\Downloads\\RemoverSenhaPDF-WebService-1\\app.py', reloading
2025-03-16 21:02:00,675 - werkzeug - INFO -  * Restarting with watchdog (windowsapi)
2025-03-16 21:02:00,999 - pdf_api - INFO - Iniciando serviço de PDF
2025-03-16 21:02:01,003 - pikepdf._core - INFO - pikepdf C++ to Python logger bridge initialized
2025-03-16 21:02:01,118 - pdf_api - INFO - Módulo pdf_service importado com sucesso
2025-03-16 21:02:01,120 - pdf_api - INFO - Iniciando servidor na porta 5000
2025-03-16 21:02:01,134 - werkzeug - WARNING -  * Debugger is active!
2025-03-16 21:02:01,136 - werkzeug - INFO -  * Debugger PIN: 125-537-440
2025-03-16 21:03:05,991 - werkzeug - INFO -  * Detected change in 'C:\\Users\\muril\\Downloads\\RemoverSenhaPDF-WebService-1\\app.py', reloading
2025-03-16 21:03:06,005 - werkzeug - INFO -  * Detected change in 'C:\\Users\\muril\\Downloads\\RemoverSenhaPDF-WebService-1\\app.py', reloading
2025-03-16 21:03:06,287 - werkzeug - INFO -  * Restarting with watchdog (windowsapi)
2025-03-16 21:03:06,525 - pdf_api - INFO - Iniciando serviço de PDF
2025-03-16 21:03:06,527 - pikepdf._core - INFO - pikepdf C++ to Python logger bridge initialized
2025-03-16 21:03:06,637 - pdf_api - INFO - Módulo pdf_service importado com sucesso
2025-03-16 21:03:06,639 - pdf_api - INFO - Iniciando servidor na porta 5000
2025-03-16 21:03:06,651 - werkzeug - WARNING -  * Debugger is active!
2025-03-16 21:03:06,653 - werkzeug - INFO -  * Debugger PIN: 125-537-440
2025-03-16 21:03:07,542 - werkzeug - INFO - 127.0.0.1 - - [16/Mar/2025 21:03:07] "GET / HTTP/1.1" 200 -
2025-03-16 21:03:25,575 - werkzeug - INFO -  * Detected change in 'C:\\Users\\muril\\Downloads\\RemoverSenhaPDF-WebService-1\\app.py', reloading
2025-03-16 21:03:25,589 - werkzeug - INFO -  * Detected change in 'C:\\Users\\muril\\Downloads\\RemoverSenhaPDF-WebService-1\\app.py', reloading
2025-03-16 21:03:25,744 - werkzeug - INFO -  * Restarting with watchdog (windowsapi)
2025-03-16 21:03:26,007 - pdf_api - INFO - Iniciando serviço de PDF
2025-03-16 21:03:26,010 - pikepdf._core - INFO - pikepdf C++ to Python logger bridge initialized
2025-03-16 21:03:26,146 - pdf_api - INFO - Módulo pdf_service importado com sucesso
2025-03-16 21:03:26,149 - pdf_api - INFO - Iniciando servidor na porta 5000
2025-03-16 21:03:26,159 - werkzeug - WARNING -  * Debugger is active!
2025-03-16 21:03:26,161 - werkzeug - INFO -  * Debugger PIN: 125-537-440
2025-03-16 21:03:26,695 - werkzeug - INFO - 127.0.0.1 - - [16/Mar/2025 21:03:26] "GET / HTTP/1.1" 200 -
2025-03-16 21:03:35,806 - werkzeug - INFO -  * Detected change in 'C:\\Users\\muril\\Downloads\\RemoverSenhaPDF-WebService-1\\app.py', reloading
2025-03-16 21:03:35,807 - werkzeug - INFO -  * Detected change in 'C:\\Users\\muril\\Downloads\\RemoverSenhaPDF-WebService-1\\app.py', reloading
2025-03-16 21:03:36,243 - werkzeug - INFO -  * Restarting with watchdog (windowsapi)
2025-03-16 21:03:36,540 - pdf_api - INFO - Iniciando serviço de PDF
2025-03-16 21:03:36,543 - pikepdf._core - INFO - pikepdf C++ to Python logger bridge initialized
2025-03-16 21:03:36,695 - pdf_api - INFO - Módulo pdf_service importado com sucesso
2025-03-16 21:03:36,697 - pdf_api - INFO - Iniciando servidor na porta 5000
2025-03-16 21:03:36,709 - werkzeug - WARNING -  * Debugger is active!
2025-03-16 21:03:36,711 - werkzeug - INFO -  * Debugger PIN: 125-537-440
2025-03-16 21:03:36,730 - werkzeug - INFO - 127.0.0.1 - - [16/Mar/2025 21:03:36] "GET / HTTP/1.1" 200 -
2025-03-16 21:05:36,448 - werkzeug - INFO -  * Detected change in 'C:\\Users\\muril\\Downloads\\RemoverSenhaPDF-WebService-1\\app.py', reloading
2025-03-16 21:05:36,448 - werkzeug - INFO -  * Detected change in 'C:\\Users\\muril\\Downloads\\RemoverSenhaPDF-WebService-1\\app.py', reloading
2025-03-16 21:05:36,449 - werkzeug - INFO -  * Detected change in 'C:\\Users\\muril\\Downloads\\RemoverSenhaPDF-WebService-1\\app.py', reloading
2025-03-16 21:05:36,972 - werkzeug - INFO -  * Restarting with watchdog (windowsapi)
2025-03-16 21:05:37,263 - pdf_api - INFO - Iniciando serviço de PDF
2025-03-16 21:05:37,267 - pikepdf._core - INFO - pikepdf C++ to Python logger bridge initialized
2025-03-16 21:05:37,394 - pdf_api - INFO - Módulo pdf_service importado com sucesso
2025-03-16 21:05:37,396 - pdf_api - INFO - Iniciando servidor na porta 5000
2025-03-16 21:05:37,409 - werkzeug - WARNING -  * Debugger is active!
2025-03-16 21:05:37,411 - werkzeug - INFO -  * Debugger PIN: 125-537-440
2025-03-16 21:05:37,431 - werkzeug - INFO - 127.0.0.1 - - [16/Mar/2025 21:05:37] "GET / HTTP/1.1" 200 -
2025-03-16 21:06:24,959 - werkzeug - INFO -  * Detected change in 'C:\\Users\\muril\\Downloads\\RemoverSenhaPDF-WebService-1\\app.py', reloading
2025-03-16 21:06:24,959 - werkzeug - INFO -  * Detected change in 'C:\\Users\\muril\\Downloads\\RemoverSenhaPDF-WebService-1\\app.py', reloading
2025-03-16 21:06:24,972 - werkzeug - INFO -  * Detected change in 'C:\\Users\\muril\\Downloads\\RemoverSenhaPDF-WebService-1\\app.py', reloading
2025-03-16 21:06:25,571 - werkzeug - INFO -  * Restarting with watchdog (windowsapi)
2025-03-16 21:06:25,849 - pdf_api - INFO - Iniciando serviço de PDF
2025-03-16 21:06:25,852 - pikepdf._core - INFO - pikepdf C++ to Python logger bridge initialized
2025-03-16 21:06:25,982 - pdf_api - INFO - Módulo pdf_service importado com sucesso
2025-03-16 21:06:25,985 - pdf_api - INFO - Iniciando servidor na porta 5000
2025-03-16 21:06:25,996 - werkzeug - WARNING -  * Debugger is active!
2025-03-16 21:06:25,998 - werkzeug - INFO -  * Debugger PIN: 125-537-440
2025-03-16 21:06:26,020 - werkzeug - INFO - 127.0.0.1 - - [16/Mar/2025 21:06:26] "GET / HTTP/1.1" 200 -
2025-03-16 21:06:35,847 - werkzeug - INFO -  * Detected change in 'C:\\Users\\muril\\Downloads\\RemoverSenhaPDF-WebService-1\\app.py', reloading
2025-03-16 21:06:35,847 - werkzeug - INFO -  * Detected change in 'C:\\Users\\muril\\Downloads\\RemoverSenhaPDF-WebService-1\\app.py', reloading
2025-03-16 21:06:36,087 - werkzeug - INFO -  * Restarting with watchdog (windowsapi)
2025-03-16 21:06:36,370 - pdf_api - INFO - Iniciando serviço de PDF
2025-03-16 21:06:36,374 - pikepdf._core - INFO - pikepdf C++ to Python logger bridge initialized
2025-03-16 21:06:36,541 - pdf_api - INFO - Módulo pdf_service importado com sucesso
2025-03-16 21:06:36,547 - pdf_api - INFO - Iniciando servidor na porta 5000
2025-03-16 21:06:36,576 - werkzeug - WARNING -  * Debugger is active!
2025-03-16 21:06:36,578 - werkzeug - INFO -  * Debugger PIN: 125-537-440
2025-03-16 21:06:36,892 - werkzeug - INFO - 127.0.0.1 - - [16/Mar/2025 21:06:36] "GET / HTTP/1.1" 200 -
2025-03-16 21:06:39,826 - werkzeug - INFO -  * Detected change in 'C:\\Users\\muril\\Downloads\\RemoverSenhaPDF-WebService-1\\app.py', reloading
2025-03-16 21:06:39,840 - werkzeug - INFO -  * Detected change in 'C:\\Users\\muril\\Downloads\\RemoverSenhaPDF-WebService-1\\app.py', reloading
2025-03-16 21:06:40,665 - werkzeug - INFO -  * Restarting with watchdog (windowsapi)
2025-03-16 21:06:40,921 - pdf_api - INFO - Iniciando serviço de PDF
2025-03-16 21:06:40,924 - pikepdf._core - INFO - pikepdf C++ to Python logger bridge initialized
2025-03-16 21:06:41,041 - pdf_api - INFO - Módulo pdf_service importado com sucesso
2025-03-16 21:06:41,043 - pdf_api - INFO - Iniciando servidor na porta 5000
2025-03-16 21:06:41,055 - werkzeug - WARNING -  * Debugger is active!
2025-03-16 21:06:41,057 - werkzeug - INFO -  * Debugger PIN: 125-537-440
2025-03-16 21:06:41,076 - werkzeug - INFO - 127.0.0.1 - - [16/Mar/2025 21:06:41] "GET / HTTP/1.1" 200 -
2025-03-16 21:07:31,639 - werkzeug - INFO -  * Detected change in 'C:\\Users\\muril\\Downloads\\RemoverSenhaPDF-WebService-1\\app.py', reloading
2025-03-16 21:07:31,653 - werkzeug - INFO -  * Detected change in 'C:\\Users\\muril\\Downloads\\RemoverSenhaPDF-WebService-1\\app.py', reloading
2025-03-16 21:07:32,207 - werkzeug - INFO -  * Restarting with watchdog (windowsapi)
2025-03-16 21:07:32,506 - pdf_api - INFO - Iniciando serviço de PDF
2025-03-16 21:07:32,509 - pikepdf._core - INFO - pikepdf C++ to Python logger bridge initialized
2025-03-16 21:07:32,623 - pdf_api - INFO - Módulo pdf_service importado com sucesso
2025-03-16 21:07:32,625 - pdf_api - INFO - Iniciando servidor na porta 5000
2025-03-16 21:07:32,638 - werkzeug - WARNING -  * Debugger is active!
2025-03-16 21:07:32,640 - werkzeug - INFO -  * Debugger PIN: 125-537-440
2025-03-16 21:07:32,678 - werkzeug - INFO - 127.0.0.1 - - [16/Mar/2025 21:07:32] "GET / HTTP/1.1" 200 -
2025-03-16 21:07:55,142 - werkzeug - INFO -  * Detected change in 'C:\\Users\\muril\\Downloads\\RemoverSenhaPDF-WebService-1\\app.py', reloading
2025-03-16 21:07:55,143 - werkzeug - INFO -  * Detected change in 'C:\\Users\\muril\\Downloads\\RemoverSenhaPDF-WebService-1\\app.py', reloading
2025-03-16 21:07:55,156 - werkzeug - INFO -  * Detected change in 'C:\\Users\\muril\\Downloads\\RemoverSenhaPDF-WebService-1\\app.py', reloading
2025-03-16 21:07:55,765 - werkzeug - INFO -  * Restarting with watchdog (windowsapi)
2025-03-16 21:07:56,053 - pdf_api - INFO - Iniciando serviço de PDF
2025-03-16 21:07:56,057 - pikepdf._core - INFO - pikepdf C++ to Python logger bridge initialized
2025-03-16 21:07:56,234 - pdf_api - INFO - Módulo pdf_service importado com sucesso
2025-03-16 21:07:56,237 - pdf_api - INFO - Iniciando servidor na porta 5000
2025-03-16 21:07:56,248 - werkzeug - WARNING -  * Debugger is active!
2025-03-16 21:07:56,251 - werkzeug - INFO -  * Debugger PIN: 125-537-440
2025-03-16 21:07:56,272 - werkzeug - INFO - 127.0.0.1 - - [16/Mar/2025 21:07:56] "GET / HTTP/1.1" 200 -
2025-03-16 21:07:58,903 - werkzeug - INFO -  * Detected change in 'C:\\Users\\muril\\Downloads\\RemoverSenhaPDF-WebService-1\\app.py', reloading
2025-03-16 21:07:58,904 - werkzeug - INFO -  * Detected change in 'C:\\Users\\muril\\Downloads\\RemoverSenhaPDF-WebService-1\\app.py', reloading
2025-03-16 21:07:59,331 - werkzeug - INFO -  * Restarting with watchdog (windowsapi)
2025-03-16 21:07:59,576 - pdf_api - INFO - Iniciando serviço de PDF
2025-03-16 21:07:59,579 - pikepdf._core - INFO - pikepdf C++ to Python logger bridge initialized
2025-03-16 21:07:59,810 - pdf_api - INFO - Módulo pdf_service importado com sucesso
2025-03-16 21:07:59,812 - pdf_api - INFO - Iniciando servidor na porta 5000
2025-03-16 21:07:59,826 - werkzeug - WARNING -  * Debugger is active!
2025-03-16 21:07:59,828 - werkzeug - INFO -  * Debugger PIN: 125-537-440
2025-03-16 21:08:00,020 - werkzeug - INFO - 127.0.0.1 - - [16/Mar/2025 21:08:00] "GET / HTTP/1.1" 200 -
2025-03-16 21:08:32,324 - werkzeug - INFO -  * Detected change in 'C:\\Users\\muril\\AppData\\Local\\Programs\\Python\\Python313\\Lib\\logging\\__init__.py', reloading
2025-03-16 21:08:32,683 - werkzeug - INFO -  * Detected change in 'C:\\Users\\muril\\AppData\\Local\\Programs\\Python\\Python313\\Lib\\re\\__init__.py', reloading
2025-03-16 21:08:32,705 - werkzeug - INFO -  * Detected change in 'C:\\Users\\muril\\AppData\\Local\\Programs\\Python\\Python313\\Lib\\warnings.py', reloading
2025-03-16 21:08:32,724 - werkzeug - INFO -  * Detected change in 'C:\\Users\\muril\\AppData\\Local\\Programs\\Python\\Python313\\Lib\\weakref.py', reloading
2025-03-16 21:08:32,779 - werkzeug - INFO -  * Detected change in 'C:\\Users\\muril\\AppData\\Local\\Programs\\Python\\Python313\\Lib\\types.py', reloading
2025-03-16 21:08:32,795 - werkzeug - INFO -  * Detected change in 'C:\\Users\\muril\\AppData\\Local\\Programs\\Python\\Python313\\Lib\\string.py', reloading
2025-03-16 21:08:32,827 - werkzeug - INFO -  * Detected change in 'C:\\Users\\muril\\AppData\\Local\\Programs\\Python\\Python313\\Lib\\threading.py', reloading
2025-03-16 21:08:32,966 - werkzeug - INFO -  * Restarting with watchdog (windowsapi)
2025-03-16 21:08:33,364 - pdf_api - INFO - Iniciando serviço de PDF
2025-03-16 21:08:33,366 - pikepdf._core - INFO - pikepdf C++ to Python logger bridge initialized
2025-03-16 21:08:33,641 - pdf_api - INFO - Módulo pdf_service importado com sucesso
2025-03-16 21:08:33,645 - pdf_api - INFO - Iniciando servidor na porta 5000
2025-03-16 21:08:33,665 - werkzeug - WARNING -  * Debugger is active!
2025-03-16 21:08:33,668 - werkzeug - INFO -  * Debugger PIN: 125-537-440
2025-03-16 21:09:13,102 - werkzeug - INFO -  * Detected change in 'C:\\Users\\muril\\Downloads\\RemoverSenhaPDF-WebService-1\\app.py', reloading
2025-03-16 21:09:13,110 - werkzeug - INFO -  * Detected change in 'C:\\Users\\muril\\Downloads\\RemoverSenhaPDF-WebService-1\\app.py', reloading
2025-03-16 21:09:13,845 - werkzeug - INFO -  * Restarting with watchdog (windowsapi)
2025-03-16 21:09:14,162 - pdf_api - INFO - Iniciando serviço de PDF
2025-03-16 21:09:14,165 - pikepdf._core - INFO - pikepdf C++ to Python logger bridge initialized
2025-03-16 21:09:14,283 - pdf_api - INFO - Módulo pdf_service importado com sucesso
2025-03-16 21:09:14,284 - pdf_api - INFO - Iniciando servidor na porta 5000
2025-03-16 21:09:14,296 - werkzeug - WARNING -  * Debugger is active!
2025-03-16 21:09:14,298 - werkzeug - INFO -  * Debugger PIN: 125-537-440
2025-03-16 21:09:15,009 - werkzeug - INFO - 127.0.0.1 - - [16/Mar/2025 21:09:15] "GET / HTTP/1.1" 200 -
2025-03-16 21:09:15,823 - werkzeug - INFO - 127.0.0.1 - - [16/Mar/2025 21:09:15] "GET / HTTP/1.1" 200 -
2025-03-16 21:09:22,894 - werkzeug - INFO -  * Detected change in 'C:\\Users\\muril\\Downloads\\RemoverSenhaPDF-WebService-1\\app.py', reloading
2025-03-16 21:09:22,907 - werkzeug - INFO -  * Detected change in 'C:\\Users\\muril\\Downloads\\RemoverSenhaPDF-WebService-1\\app.py', reloading
2025-03-16 21:09:22,908 - werkzeug - INFO -  * Detected change in 'C:\\Users\\muril\\Downloads\\RemoverSenhaPDF-WebService-1\\app.py', reloading
2025-03-16 21:09:23,384 - werkzeug - INFO -  * Restarting with watchdog (windowsapi)
2025-03-16 21:09:23,766 - pdf_api - INFO - Iniciando serviço de PDF
2025-03-16 21:09:23,768 - pikepdf._core - INFO - pikepdf C++ to Python logger bridge initialized
2025-03-16 21:09:23,892 - pdf_api - INFO - Módulo pdf_service importado com sucesso
2025-03-16 21:09:23,894 - pdf_api - INFO - Iniciando servidor na porta 5000
2025-03-16 21:09:23,905 - werkzeug - WARNING -  * Debugger is active!
2025-03-16 21:09:23,907 - werkzeug - INFO -  * Debugger PIN: 125-537-440
2025-03-16 21:09:23,933 - werkzeug - INFO - 127.0.0.1 - - [16/Mar/2025 21:09:23] "GET / HTTP/1.1" 200 -
2025-03-16 21:09:24,418 - werkzeug - INFO - 127.0.0.1 - - [16/Mar/2025 21:09:24] "GET / HTTP/1.1" 200 -
2025-03-16 21:09:29,519 - werkzeug - INFO - 127.0.0.1 - - [16/Mar/2025 21:09:29] "GET / HTTP/1.1" 200 -
2025-03-16 21:09:30,320 - werkzeug - INFO - 127.0.0.1 - - [16/Mar/2025 21:09:30] "GET / HTTP/1.1" 200 -
2025-03-16 21:09:35,110 - werkzeug - INFO -  * Detected change in 'C:\\Users\\muril\\Downloads\\RemoverSenhaPDF-WebService-1\\app.py', reloading
2025-03-16 21:09:35,111 - werkzeug - INFO -  * Detected change in 'C:\\Users\\muril\\Downloads\\RemoverSenhaPDF-WebService-1\\app.py', reloading
2025-03-16 21:09:35,112 - werkzeug - INFO -  * Detected change in 'C:\\Users\\muril\\Downloads\\RemoverSenhaPDF-WebService-1\\app.py', reloading
2025-03-16 21:09:35,994 - werkzeug - INFO -  * Restarting with watchdog (windowsapi)
2025-03-16 21:09:36,277 - pdf_api - INFO - Iniciando serviço de PDF
2025-03-16 21:09:36,280 - pikepdf._core - INFO - pikepdf C++ to Python logger bridge initialized
2025-03-16 21:09:36,410 - pdf_api - INFO - Módulo pdf_service importado com sucesso
2025-03-16 21:09:36,412 - pdf_api - INFO - Iniciando servidor na porta 5000
2025-03-16 21:09:36,426 - werkzeug - WARNING -  * Debugger is active!
2025-03-16 21:09:36,428 - werkzeug - INFO -  * Debugger PIN: 125-537-440
2025-03-16 21:09:36,447 - werkzeug - INFO - 127.0.0.1 - - [16/Mar/2025 21:09:36] "GET / HTTP/1.1" 200 -
2025-03-16 21:09:39,364 - werkzeug - INFO -  * Detected change in 'C:\\Users\\muril\\Downloads\\RemoverSenhaPDF-WebService-1\\app.py', reloading
2025-03-16 21:09:39,364 - werkzeug - INFO -  * Detected change in 'C:\\Users\\muril\\Downloads\\RemoverSenhaPDF-WebService-1\\app.py', reloading
2025-03-16 21:09:39,377 - werkzeug - INFO -  * Detected change in 'C:\\Users\\muril\\Downloads\\RemoverSenhaPDF-WebService-1\\app.py', reloading
2025-03-16 21:09:39,509 - werkzeug - INFO -  * Restarting with watchdog (windowsapi)
2025-03-16 21:09:39,845 - pdf_api - INFO - Iniciando serviço de PDF
2025-03-16 21:09:39,848 - pikepdf._core - INFO - pikepdf C++ to Python logger bridge initialized
2025-03-16 21:09:39,974 - pdf_api - INFO - Módulo pdf_service importado com sucesso
2025-03-16 21:09:39,976 - pdf_api - INFO - Iniciando servidor na porta 5000
2025-03-16 21:09:39,985 - werkzeug - WARNING -  * Debugger is active!
2025-03-16 21:09:39,989 - werkzeug - INFO -  * Debugger PIN: 125-537-440
2025-03-16 21:09:40,008 - werkzeug - INFO - 127.0.0.1 - - [16/Mar/2025 21:09:40] "GET / HTTP/1.1" 200 -
2025-03-16 21:10:49,791 - werkzeug - INFO -  * Detected change in 'C:\\Users\\muril\\Downloads\\RemoverSenhaPDF-WebService-1\\app.py', reloading
2025-03-16 21:10:49,791 - werkzeug - INFO -  * Detected change in 'C:\\Users\\muril\\Downloads\\RemoverSenhaPDF-WebService-1\\app.py', reloading
2025-03-16 21:10:50,159 - werkzeug - INFO -  * Restarting with watchdog (windowsapi)
2025-03-16 21:10:50,518 - pdf_api - INFO - Iniciando serviço de PDF
2025-03-16 21:10:50,522 - pikepdf._core - INFO - pikepdf C++ to Python logger bridge initialized
2025-03-16 21:10:50,649 - pdf_api - INFO - Módulo pdf_service importado com sucesso
2025-03-16 21:10:50,651 - pdf_api - INFO - Iniciando servidor na porta 5000
2025-03-16 21:10:50,666 - werkzeug - WARNING -  * Debugger is active!
2025-03-16 21:10:50,669 - werkzeug - INFO -  * Debugger PIN: 125-537-440
2025-03-16 21:16:41,980 - werkzeug - INFO -  * Detected change in 'C:\\Users\\muril\\Downloads\\RemoverSenhaPDF-WebService-1\\app.py', reloading
2025-03-16 21:16:41,993 - werkzeug - INFO -  * Detected change in 'C:\\Users\\muril\\Downloads\\RemoverSenhaPDF-WebService-1\\app.py', reloading
2025-03-16 21:16:42,304 - werkzeug - INFO -  * Restarting with watchdog (windowsapi)
2025-03-16 21:16:42,625 - pdf_api - INFO - Iniciando serviço de PDF
2025-03-16 21:16:42,630 - pikepdf._core - INFO - pikepdf C++ to Python logger bridge initialized
2025-03-16 21:16:42,766 - pdf_api - INFO - Módulo pdf_service importado com sucesso
2025-03-16 21:16:42,768 - pdf_api - INFO - Iniciando servidor na porta 5000
2025-03-16 21:16:42,781 - werkzeug - WARNING -  * Debugger is active!
2025-03-16 21:16:42,783 - werkzeug - INFO -  * Debugger PIN: 125-537-440
2025-03-16 21:16:42,983 - werkzeug - INFO - 127.0.0.1 - - [16/Mar/2025 21:16:42] "GET / HTTP/1.1" 200 -
2025-03-16 21:16:55,149 - werkzeug - INFO -  * Detected change in 'C:\\Users\\muril\\Downloads\\RemoverSenhaPDF-WebService-1\\app.py', reloading
2025-03-16 21:16:55,149 - werkzeug - INFO -  * Detected change in 'C:\\Users\\muril\\Downloads\\RemoverSenhaPDF-WebService-1\\app.py', reloading
2025-03-16 21:16:55,899 - werkzeug - INFO -  * Restarting with watchdog (windowsapi)
2025-03-16 21:16:56,190 - pdf_api - INFO - Iniciando serviço de PDF
2025-03-16 21:16:56,194 - pikepdf._core - INFO - pikepdf C++ to Python logger bridge initialized
2025-03-16 21:16:56,321 - pdf_api - INFO - Módulo pdf_service importado com sucesso
2025-03-16 21:16:56,323 - pdf_api - INFO - Iniciando servidor na porta 5000
2025-03-16 21:16:56,334 - werkzeug - WARNING -  * Debugger is active!
2025-03-16 21:16:56,336 - werkzeug - INFO -  * Debugger PIN: 125-537-440
2025-03-16 21:16:56,356 - werkzeug - INFO - 127.0.0.1 - - [16/Mar/2025 21:16:56] "GET / HTTP/1.1" 200 -
2025-03-16 21:17:10,756 - werkzeug - INFO -  * Detected change in 'C:\\Users\\muril\\Downloads\\RemoverSenhaPDF-WebService-1\\app.py', reloading
2025-03-16 21:17:10,769 - werkzeug - INFO -  * Detected change in 'C:\\Users\\muril\\Downloads\\RemoverSenhaPDF-WebService-1\\app.py', reloading
2025-03-16 21:17:10,770 - werkzeug - INFO -  * Detected change in 'C:\\Users\\muril\\Downloads\\RemoverSenhaPDF-WebService-1\\app.py', reloading
2025-03-16 21:17:11,427 - werkzeug - INFO -  * Restarting with watchdog (windowsapi)
2025-03-16 21:17:11,751 - pdf_api - INFO - Iniciando serviço de PDF
2025-03-16 21:17:11,754 - pikepdf._core - INFO - pikepdf C++ to Python logger bridge initialized
2025-03-16 21:17:11,872 - pdf_api - INFO - Módulo pdf_service importado com sucesso
2025-03-16 21:17:11,874 - pdf_api - INFO - Iniciando servidor na porta 5000
2025-03-16 21:17:11,888 - werkzeug - WARNING -  * Debugger is active!
2025-03-16 21:17:11,890 - werkzeug - INFO -  * Debugger PIN: 125-537-440
2025-03-16 21:17:11,908 - werkzeug - INFO - 127.0.0.1 - - [16/Mar/2025 21:17:11] "GET / HTTP/1.1" 200 -
2025-03-16 21:17:17,323 - werkzeug - INFO -  * Detected change in 'C:\\Users\\muril\\Downloads\\RemoverSenhaPDF-WebService-1\\app.py', reloading
2025-03-16 21:17:17,336 - werkzeug - INFO -  * Detected change in 'C:\\Users\\muril\\Downloads\\RemoverSenhaPDF-WebService-1\\app.py', reloading
2025-03-16 21:17:17,968 - werkzeug - INFO -  * Restarting with watchdog (windowsapi)
2025-03-16 21:17:18,263 - pdf_api - INFO - Iniciando serviço de PDF
2025-03-16 21:17:18,267 - pikepdf._core - INFO - pikepdf C++ to Python logger bridge initialized
2025-03-16 21:17:18,387 - pdf_api - INFO - Módulo pdf_service importado com sucesso
2025-03-16 21:17:18,389 - pdf_api - INFO - Iniciando servidor na porta 5000
2025-03-16 21:17:18,402 - werkzeug - WARNING -  * Debugger is active!
2025-03-16 21:17:18,404 - werkzeug - INFO -  * Debugger PIN: 125-537-440
2025-03-16 21:17:18,424 - werkzeug - INFO - 127.0.0.1 - - [16/Mar/2025 21:17:18] "GET / HTTP/1.1" 200 -
2025-03-16 21:17:25,553 - werkzeug - INFO -  * Detected change in 'C:\\Users\\muril\\Downloads\\RemoverSenhaPDF-WebService-1\\app.py', reloading
2025-03-16 21:17:25,566 - werkzeug - INFO -  * Detected change in 'C:\\Users\\muril\\Downloads\\RemoverSenhaPDF-WebService-1\\app.py', reloading
2025-03-16 21:17:26,215 - werkzeug - INFO - 127.0.0.1 - - [16/Mar/2025 21:17:26] "GET / HTTP/1.1" 200 -
2025-03-16 21:17:26,481 - werkzeug - INFO -  * Restarting with watchdog (windowsapi)
2025-03-16 21:17:26,738 - pdf_api - INFO - Iniciando serviço de PDF
2025-03-16 21:17:26,741 - pikepdf._core - INFO - pikepdf C++ to Python logger bridge initialized
2025-03-16 21:17:26,855 - pdf_api - INFO - Módulo pdf_service importado com sucesso
2025-03-16 21:17:26,857 - pdf_api - INFO - Iniciando servidor na porta 5000
2025-03-16 21:17:26,868 - werkzeug - WARNING -  * Debugger is active!
2025-03-16 21:17:26,870 - werkzeug - INFO -  * Debugger PIN: 125-537-440
2025-03-16 21:17:33,917 - werkzeug - INFO -  * Detected change in 'C:\\Users\\muril\\Downloads\\RemoverSenhaPDF-WebService-1\\app.py', reloading
2025-03-16 21:17:33,918 - werkzeug - INFO -  * Detected change in 'C:\\Users\\muril\\Downloads\\RemoverSenhaPDF-WebService-1\\app.py', reloading
2025-03-16 21:17:34,943 - werkzeug - INFO -  * Restarting with watchdog (windowsapi)
2025-03-16 21:17:35,208 - pdf_api - INFO - Iniciando serviço de PDF
2025-03-16 21:17:35,211 - pikepdf._core - INFO - pikepdf C++ to Python logger bridge initialized
2025-03-16 21:17:35,327 - pdf_api - INFO - Módulo pdf_service importado com sucesso
2025-03-16 21:17:35,329 - pdf_api - INFO - Iniciando servidor na porta 5000
2025-03-16 21:17:35,341 - werkzeug - WARNING -  * Debugger is active!
2025-03-16 21:17:35,342 - werkzeug - INFO -  * Debugger PIN: 125-537-440
2025-03-16 21:17:35,359 - werkzeug - INFO - 127.0.0.1 - - [16/Mar/2025 21:17:35] "GET / HTTP/1.1" 200 -
2025-03-16 21:17:39,164 - werkzeug - INFO -  * Detected change in 'C:\\Users\\muril\\Downloads\\RemoverSenhaPDF-WebService-1\\app.py', reloading
2025-03-16 21:17:39,177 - werkzeug - INFO -  * Detected change in 'C:\\Users\\muril\\Downloads\\RemoverSenhaPDF-WebService-1\\app.py', reloading
2025-03-16 21:17:39,412 - werkzeug - INFO -  * Restarting with watchdog (windowsapi)
2025-03-16 21:17:39,769 - pdf_api - INFO - Iniciando serviço de PDF
2025-03-16 21:17:39,772 - pikepdf._core - INFO - pikepdf C++ to Python logger bridge initialized
2025-03-16 21:17:39,892 - pdf_api - INFO - Módulo pdf_service importado com sucesso
2025-03-16 21:17:39,894 - pdf_api - INFO - Iniciando servidor na porta 5000
2025-03-16 21:17:39,906 - werkzeug - WARNING -  * Debugger is active!
2025-03-16 21:17:39,908 - werkzeug - INFO -  * Debugger PIN: 125-537-440
2025-03-16 21:17:39,926 - werkzeug - INFO - 127.0.0.1 - - [16/Mar/2025 21:17:39] "GET / HTTP/1.1" 200 -
2025-03-16 21:17:46,029 - werkzeug - INFO -  * Detected change in 'C:\\Users\\muril\\Downloads\\RemoverSenhaPDF-WebService-1\\app.py', reloading
2025-03-16 21:17:46,042 - werkzeug - INFO -  * Detected change in 'C:\\Users\\muril\\Downloads\\RemoverSenhaPDF-WebService-1\\app.py', reloading
2025-03-16 21:17:46,835 - werkzeug - INFO - 127.0.0.1 - - [16/Mar/2025 21:17:46] "GET / HTTP/1.1" 200 -
2025-03-16 21:17:46,982 - werkzeug - INFO -  * Restarting with watchdog (windowsapi)
2025-03-16 21:17:47,237 - pdf_api - INFO - Iniciando serviço de PDF
2025-03-16 21:17:47,240 - pikepdf._core - INFO - pikepdf C++ to Python logger bridge initialized
2025-03-16 21:17:47,355 - pdf_api - INFO - Módulo pdf_service importado com sucesso
2025-03-16 21:17:47,357 - pdf_api - INFO - Iniciando servidor na porta 5000
2025-03-16 21:17:47,369 - werkzeug - WARNING -  * Debugger is active!
2025-03-16 21:17:47,370 - werkzeug - INFO -  * Debugger PIN: 125-537-440
2025-03-16 21:17:48,261 - werkzeug - INFO - 127.0.0.1 - - [16/Mar/2025 21:17:48] "GET / HTTP/1.1" 200 -
2025-03-16 21:18:12,532 - werkzeug - INFO -  * Detected change in 'C:\\Users\\muril\\Downloads\\RemoverSenhaPDF-WebService-1\\app.py', reloading
2025-03-16 21:18:12,545 - werkzeug - INFO -  * Detected change in 'C:\\Users\\muril\\Downloads\\RemoverSenhaPDF-WebService-1\\app.py', reloading
2025-03-16 21:18:13,483 - werkzeug - INFO -  * Restarting with watchdog (windowsapi)
2025-03-16 21:18:13,842 - pdf_api - INFO - Iniciando serviço de PDF
2025-03-16 21:18:13,846 - pikepdf._core - INFO - pikepdf C++ to Python logger bridge initialized
2025-03-16 21:18:13,975 - pdf_api - INFO - Módulo pdf_service importado com sucesso
2025-03-16 21:18:13,977 - pdf_api - INFO - Iniciando servidor na porta 5000
2025-03-16 21:18:13,998 - werkzeug - WARNING -  * Debugger is active!
2025-03-16 21:18:14,001 - werkzeug - INFO -  * Debugger PIN: 125-537-440
2025-03-16 21:18:14,022 - werkzeug - INFO - 127.0.0.1 - - [16/Mar/2025 21:18:14] "GET / HTTP/1.1" 200 -
2025-03-16 21:18:14,023 - werkzeug - INFO - 127.0.0.1 - - [16/Mar/2025 21:18:14] "GET / HTTP/1.1" 200 -
2025-03-16 21:18:14,336 - werkzeug - INFO - 127.0.0.1 - - [16/Mar/2025 21:18:14] "GET / HTTP/1.1" 200 -
2025-03-16 21:18:39,807 - werkzeug - INFO -  * Detected change in 'C:\\Users\\muril\\Downloads\\RemoverSenhaPDF-WebService-1\\app.py', reloading
2025-03-16 21:18:39,807 - werkzeug - INFO -  * Detected change in 'C:\\Users\\muril\\Downloads\\RemoverSenhaPDF-WebService-1\\app.py', reloading
2025-03-16 21:18:40,108 - werkzeug - INFO -  * Restarting with watchdog (windowsapi)
2025-03-16 21:18:40,391 - pdf_api - INFO - Iniciando serviço de PDF
2025-03-16 21:18:40,394 - pikepdf._core - INFO - pikepdf C++ to Python logger bridge initialized
2025-03-16 21:18:40,518 - pdf_api - INFO - Módulo pdf_service importado com sucesso
2025-03-16 21:18:40,520 - pdf_api - INFO - Iniciando servidor na porta 5000
2025-03-16 21:18:40,532 - werkzeug - WARNING -  * Debugger is active!
2025-03-16 21:18:40,534 - werkzeug - INFO -  * Debugger PIN: 125-537-440
2025-03-16 21:18:41,874 - werkzeug - INFO - 127.0.0.1 - - [16/Mar/2025 21:18:41] "GET / HTTP/1.1" 200 -
2025-03-16 21:18:52,269 - werkzeug - INFO -  * Detected change in 'C:\\Users\\muril\\Downloads\\RemoverSenhaPDF-WebService-1\\app.py', reloading
2025-03-16 21:18:52,270 - werkzeug - INFO -  * Detected change in 'C:\\Users\\muril\\Downloads\\RemoverSenhaPDF-WebService-1\\app.py', reloading
2025-03-16 21:18:52,283 - werkzeug - INFO -  * Detected change in 'C:\\Users\\muril\\Downloads\\RemoverSenhaPDF-WebService-1\\app.py', reloading
2025-03-16 21:18:52,644 - werkzeug - INFO -  * Restarting with watchdog (windowsapi)
2025-03-16 21:18:52,923 - pdf_api - INFO - Iniciando serviço de PDF
2025-03-16 21:18:52,926 - pikepdf._core - INFO - pikepdf C++ to Python logger bridge initialized
2025-03-16 21:18:53,041 - pdf_api - INFO - Módulo pdf_service importado com sucesso
2025-03-16 21:18:53,043 - pdf_api - INFO - Iniciando servidor na porta 5000
2025-03-16 21:18:53,057 - werkzeug - WARNING -  * Debugger is active!
2025-03-16 21:18:53,059 - werkzeug - INFO -  * Debugger PIN: 125-537-440
2025-03-16 21:18:53,080 - werkzeug - INFO - 127.0.0.1 - - [16/Mar/2025 21:18:53] "GET / HTTP/1.1" 200 -
2025-03-16 21:18:53,510 - werkzeug - INFO - 127.0.0.1 - - [16/Mar/2025 21:18:53] "GET / HTTP/1.1" 200 -
2025-03-16 21:19:53,542 - werkzeug - INFO -  * Detected change in 'C:\\Users\\muril\\Downloads\\RemoverSenhaPDF-WebService-1\\app.py', reloading
2025-03-16 21:19:53,542 - werkzeug - INFO -  * Detected change in 'C:\\Users\\muril\\Downloads\\RemoverSenhaPDF-WebService-1\\app.py', reloading
2025-03-16 21:19:54,228 - werkzeug - INFO -  * Restarting with watchdog (windowsapi)
2025-03-16 21:19:54,517 - pdf_api - INFO - Iniciando serviço de PDF
2025-03-16 21:19:54,520 - pikepdf._core - INFO - pikepdf C++ to Python logger bridge initialized
2025-03-16 21:19:54,637 - pdf_api - INFO - Módulo pdf_service importado com sucesso
2025-03-16 21:19:54,639 - pdf_api - INFO - Iniciando servidor na porta 5000
2025-03-16 21:19:54,649 - werkzeug - WARNING -  * Debugger is active!
2025-03-16 21:19:54,651 - werkzeug - INFO -  * Debugger PIN: 125-537-440
2025-03-16 21:19:54,668 - werkzeug - INFO - 127.0.0.1 - - [16/Mar/2025 21:19:54] "GET / HTTP/1.1" 200 -
2025-03-16 21:22:21,995 - werkzeug - INFO -  * Detected change in 'C:\\Users\\muril\\Downloads\\RemoverSenhaPDF-WebService-1\\app.py', reloading
2025-03-16 21:22:22,009 - werkzeug - INFO -  * Detected change in 'C:\\Users\\muril\\Downloads\\RemoverSenhaPDF-WebService-1\\app.py', reloading
2025-03-16 21:22:22,922 - werkzeug - INFO -  * Restarting with watchdog (windowsapi)
2025-03-16 21:22:23,216 - pdf_api - INFO - Iniciando serviço de PDF
2025-03-16 21:22:23,219 - pikepdf._core - INFO - pikepdf C++ to Python logger bridge initialized
2025-03-16 21:22:23,339 - pdf_api - INFO - Módulo pdf_service importado com sucesso
2025-03-16 21:22:23,341 - pdf_api - INFO - Iniciando servidor na porta 5000
2025-03-16 21:22:23,353 - werkzeug - WARNING -  * Debugger is active!
2025-03-16 21:22:23,355 - werkzeug - INFO -  * Debugger PIN: 125-537-440
2025-03-16 21:22:23,374 - werkzeug - INFO - 127.0.0.1 - - [16/Mar/2025 21:22:23] "GET / HTTP/1.1" 200 -
2025-03-16 21:22:23,784 - werkzeug - INFO - 127.0.0.1 - - [16/Mar/2025 21:22:23] "GET / HTTP/1.1" 200 -
2025-03-16 21:22:25,584 - werkzeug - INFO - 127.0.0.1 - - [16/Mar/2025 21:22:25] "GET / HTTP/1.1" 200 -
2025-03-16 21:22:36,579 - werkzeug - INFO -  * Detected change in 'C:\\Users\\muril\\Downloads\\RemoverSenhaPDF-WebService-1\\app.py', reloading
2025-03-16 21:22:36,592 - werkzeug - INFO -  * Detected change in 'C:\\Users\\muril\\Downloads\\RemoverSenhaPDF-WebService-1\\app.py', reloading
2025-03-16 21:22:36,592 - werkzeug - INFO -  * Detected change in 'C:\\Users\\muril\\Downloads\\RemoverSenhaPDF-WebService-1\\app.py', reloading
2025-03-16 21:22:37,440 - werkzeug - INFO -  * Restarting with watchdog (windowsapi)
2025-03-16 21:22:37,703 - pdf_api - INFO - Iniciando serviço de PDF
2025-03-16 21:22:37,706 - pikepdf._core - INFO - pikepdf C++ to Python logger bridge initialized
2025-03-16 21:22:37,825 - pdf_api - INFO - Módulo pdf_service importado com sucesso
2025-03-16 21:22:37,827 - pdf_api - INFO - Iniciando servidor na porta 5000
2025-03-16 21:22:37,839 - werkzeug - WARNING -  * Debugger is active!
2025-03-16 21:22:37,841 - werkzeug - INFO -  * Debugger PIN: 125-537-440
2025-03-16 21:22:37,860 - werkzeug - INFO - 127.0.0.1 - - [16/Mar/2025 21:22:37] "GET / HTTP/1.1" 200 -
2025-03-16 21:22:38,647 - werkzeug - INFO - 127.0.0.1 - - [16/Mar/2025 21:22:38] "GET / HTTP/1.1" 200 -
2025-03-16 21:22:43,373 - werkzeug - INFO -  * Detected change in 'C:\\Users\\muril\\Downloads\\RemoverSenhaPDF-WebService-1\\app.py', reloading
2025-03-16 21:22:43,374 - werkzeug - INFO -  * Detected change in 'C:\\Users\\muril\\Downloads\\RemoverSenhaPDF-WebService-1\\app.py', reloading
2025-03-16 21:22:43,386 - werkzeug - INFO -  * Detected change in 'C:\\Users\\muril\\Downloads\\RemoverSenhaPDF-WebService-1\\app.py', reloading
2025-03-16 21:22:43,912 - werkzeug - INFO -  * Restarting with watchdog (windowsapi)
2025-03-16 21:22:44,195 - pdf_api - INFO - Iniciando serviço de PDF
2025-03-16 21:22:44,198 - pikepdf._core - INFO - pikepdf C++ to Python logger bridge initialized
2025-03-16 21:22:44,330 - pdf_api - INFO - Módulo pdf_service importado com sucesso
2025-03-16 21:22:44,332 - pdf_api - INFO - Iniciando servidor na porta 5000
2025-03-16 21:22:44,344 - werkzeug - WARNING -  * Debugger is active!
2025-03-16 21:22:44,346 - werkzeug - INFO -  * Debugger PIN: 125-537-440
2025-03-16 21:25:17,255 - werkzeug - INFO -  * Detected change in 'C:\\Users\\muril\\Downloads\\RemoverSenhaPDF-WebService-1\\app.py', reloading
2025-03-16 21:25:17,256 - werkzeug - INFO -  * Detected change in 'C:\\Users\\muril\\Downloads\\RemoverSenhaPDF-WebService-1\\app.py', reloading
2025-03-16 21:25:17,270 - werkzeug - INFO -  * Detected change in 'C:\\Users\\muril\\Downloads\\RemoverSenhaPDF-WebService-1\\app.py', reloading
2025-03-16 21:25:17,639 - werkzeug - INFO -  * Restarting with watchdog (windowsapi)
2025-03-16 21:25:17,936 - pdf_api - INFO - Iniciando serviço de PDF
2025-03-16 21:25:17,939 - pikepdf._core - INFO - pikepdf C++ to Python logger bridge initialized
2025-03-16 21:25:18,124 - pdf_api - INFO - Módulo pdf_service importado com sucesso
2025-03-16 21:25:18,126 - pdf_api - INFO - Iniciando servidor na porta 5000
2025-03-16 21:25:18,139 - werkzeug - WARNING -  * Debugger is active!
2025-03-16 21:25:18,141 - werkzeug - INFO -  * Debugger PIN: 125-537-440
2025-03-16 21:25:18,455 - werkzeug - INFO - 127.0.0.1 - - [16/Mar/2025 21:25:18] "GET / HTTP/1.1" 200 -
2025-03-16 21:25:25,987 - werkzeug - INFO -  * Detected change in 'C:\\Users\\muril\\Downloads\\RemoverSenhaPDF-WebService-1\\app.py', reloading
2025-03-16 21:25:26,000 - werkzeug - INFO -  * Detected change in 'C:\\Users\\muril\\Downloads\\RemoverSenhaPDF-WebService-1\\app.py', reloading
2025-03-16 21:25:26,225 - werkzeug - INFO -  * Restarting with watchdog (windowsapi)
2025-03-16 21:25:26,523 - pdf_api - INFO - Iniciando serviço de PDF
2025-03-16 21:25:26,526 - pikepdf._core - INFO - pikepdf C++ to Python logger bridge initialized
2025-03-16 21:25:26,656 - pdf_api - INFO - Módulo pdf_service importado com sucesso
2025-03-16 21:25:26,658 - pdf_api - INFO - Iniciando servidor na porta 5000
2025-03-16 21:25:26,668 - werkzeug - WARNING -  * Debugger is active!
2025-03-16 21:25:26,670 - werkzeug - INFO -  * Debugger PIN: 125-537-440
2025-03-16 21:25:27,180 - werkzeug - INFO - 127.0.0.1 - - [16/Mar/2025 21:25:27] "GET / HTTP/1.1" 200 -
2025-03-16 21:25:27,579 - werkzeug - INFO - 127.0.0.1 - - [16/Mar/2025 21:25:27] "GET / HTTP/1.1" 200 -
2025-03-16 21:25:27,892 - werkzeug - INFO - 127.0.0.1 - - [16/Mar/2025 21:25:27] "GET / HTTP/1.1" 200 -
2025-03-16 21:25:28,220 - werkzeug - INFO - 127.0.0.1 - - [16/Mar/2025 21:25:28] "GET / HTTP/1.1" 200 -
2025-03-16 21:25:49,882 - werkzeug - INFO -  * Detected change in 'C:\\Users\\muril\\Downloads\\RemoverSenhaPDF-WebService-1\\app.py', reloading
2025-03-16 21:25:49,897 - werkzeug - INFO -  * Detected change in 'C:\\Users\\muril\\Downloads\\RemoverSenhaPDF-WebService-1\\app.py', reloading
2025-03-16 21:25:50,807 - werkzeug - INFO -  * Restarting with watchdog (windowsapi)
2025-03-16 21:25:51,094 - pdf_api - INFO - Iniciando serviço de PDF
2025-03-16 21:25:51,096 - pikepdf._core - INFO - pikepdf C++ to Python logger bridge initialized
2025-03-16 21:25:51,214 - pdf_api - INFO - Módulo pdf_service importado com sucesso
2025-03-16 21:25:51,215 - pdf_api - INFO - Iniciando servidor na porta 5000
2025-03-16 21:25:51,228 - werkzeug - WARNING -  * Debugger is active!
2025-03-16 21:25:51,230 - werkzeug - INFO -  * Debugger PIN: 125-537-440
2025-03-16 21:25:51,249 - werkzeug - INFO - 127.0.0.1 - - [16/Mar/2025 21:25:51] "GET / HTTP/1.1" 200 -
2025-03-16 21:25:51,469 - werkzeug - INFO - 127.0.0.1 - - [16/Mar/2025 21:25:51] "GET / HTTP/1.1" 200 -
2025-03-16 21:25:51,730 - werkzeug - INFO - 127.0.0.1 - - [16/Mar/2025 21:25:51] "GET / HTTP/1.1" 200 -
2025-03-16 21:26:26,562 - werkzeug - INFO -  * Detected change in 'C:\\Users\\muril\\Downloads\\RemoverSenhaPDF-WebService-1\\app.py', reloading
2025-03-16 21:26:26,576 - werkzeug - INFO -  * Detected change in 'C:\\Users\\muril\\Downloads\\RemoverSenhaPDF-WebService-1\\app.py', reloading
2025-03-16 21:26:27,359 - werkzeug - INFO -  * Restarting with watchdog (windowsapi)
2025-03-16 21:26:27,648 - pdf_api - INFO - Iniciando serviço de PDF
2025-03-16 21:26:27,651 - pikepdf._core - INFO - pikepdf C++ to Python logger bridge initialized
2025-03-16 21:26:27,768 - pdf_api - INFO - Módulo pdf_service importado com sucesso
2025-03-16 21:26:27,771 - pdf_api - INFO - Iniciando servidor na porta 5000
2025-03-16 21:26:27,781 - werkzeug - WARNING -  * Debugger is active!
2025-03-16 21:26:27,784 - werkzeug - INFO -  * Debugger PIN: 125-537-440
2025-03-16 21:26:27,805 - werkzeug - INFO - 127.0.0.1 - - [16/Mar/2025 21:26:27] "GET / HTTP/1.1" 200 -
